[2024-09-09 13:56:26] [ ERROR] [BD:31] Error de Sintaxis en sentencia SQL "CREATE TABLE PACIENTES(ID INT AUTO_INCREMENT PRIMARY KEY, NOMBRE VARCHAR(100) NOT NULL, APELLIDO VARCHAR(100) NOT NULL,CEDULA VARCHAR(100 [*]NOT NULL), FECHA_INGRESO DATE NOT NULL, DOMICILIO_ID INT NOT NULL"; se esperaba ")"
Syntax error in SQL statement "CREATE TABLE PACIENTES(ID INT AUTO_INCREMENT PRIMARY KEY, NOMBRE VARCHAR(100) NOT NULL, APELLIDO VARCHAR(100) NOT NULL,CEDULA VARCHAR(100 [*]NOT NULL), FECHA_INGRESO DATE NOT NULL, DOMICILIO_ID INT NOT NULL"; expected ")"; SQL statement:
CREATE TABLE PACIENTES(ID INT AUTO_INCREMENT PRIMARY KEY, NOMBRE VARCHAR(100) NOT NULL, APELLIDO VARCHAR(100) NOT NULL,CEDULA VARCHAR(100 NOT NULL), FECHA_INGRESO DATE NOT NULL, DOMICILIO_ID INT NOT NULL [42001-230]
[2024-09-09 13:56:26] [ INFO ] [PacienteDAOH2:40] Iniciando las operaciones de guardado de un paciente
[2024-09-09 13:56:26] [ ERROR] [PacienteDAOH2:58] Conexion fallida Table "PACIENTES" not found (this database is empty); SQL statement:
SELECT * FROM PACIENTES WHERE ID=? [42104-230]
[2024-09-09 13:59:26] [ ERROR] [BD:32] Error de Sintaxis en sentencia SQL "INSERT INTO PACIENTES (NOMBRE, APELLIDO, CEDULA, FECHA_INGRESO, DOMICILIO_ID[*]; VALUES('IVAN','SANZ','123','2024-08-07','1'); INSERT INTO DOMICILIOS (CALLE, NUMERO, LOCALIDAD, PROVINCIA) VALUES('SIEMPRE VIVA','456','SPRINGFIELD','USA')"; se esperaba ",, )"
Syntax error in SQL statement "INSERT INTO PACIENTES (NOMBRE, APELLIDO, CEDULA, FECHA_INGRESO, DOMICILIO_ID[*]; VALUES('IVAN','SANZ','123','2024-08-07','1'); INSERT INTO DOMICILIOS (CALLE, NUMERO, LOCALIDAD, PROVINCIA) VALUES('SIEMPRE VIVA','456','SPRINGFIELD','USA')"; expected ",, )"; SQL statement:
INSERT INTO PACIENTES (NOMBRE, APELLIDO, CEDULA, FECHA_INGRESO, DOMICILIO_ID; VALUES('IVAN','SANZ','123','2024-08-07','1'); INSERT INTO DOMICILIOS (CALLE, NUMERO, LOCALIDAD, PROVINCIA) VALUES('SIEMPRE VIVA','456','SPRINGFIELD','USA') [42001-230]
[2024-09-09 13:59:26] [ INFO ] [PacienteDAOH2:40] Iniciando las operaciones de guardado de un paciente
[2024-09-09 14:01:32] [ ERROR] [BD:32] Error de Sintaxis en sentencia SQL "INSERT INTO PACIENTES (NOMBRE, APELLIDO, CEDULA, FECHA_INGRESO, DOMICILIO_ID)[*]; VALUES('IVAN','SANZ','123','2024-08-07','1'); INSERT INTO DOMICILIOS (CALLE, NUMERO, LOCALIDAD, PROVINCIA) VALUES('SIEMPRE VIVA','456','SPRINGFIELD','USA')"; se esperaba "OVERRIDING USER VALUE, OVERRIDING SYSTEM VALUE, DIRECT, DEFAULT VALUES, VALUES, SET, WITH, (, SELECT, TABLE, VALUES"
Syntax error in SQL statement "INSERT INTO PACIENTES (NOMBRE, APELLIDO, CEDULA, FECHA_INGRESO, DOMICILIO_ID)[*]; VALUES('IVAN','SANZ','123','2024-08-07','1'); INSERT INTO DOMICILIOS (CALLE, NUMERO, LOCALIDAD, PROVINCIA) VALUES('SIEMPRE VIVA','456','SPRINGFIELD','USA')"; expected "OVERRIDING USER VALUE, OVERRIDING SYSTEM VALUE, DIRECT, DEFAULT VALUES, VALUES, SET, WITH, (, SELECT, TABLE, VALUES"; SQL statement:
INSERT INTO PACIENTES (NOMBRE, APELLIDO, CEDULA, FECHA_INGRESO, DOMICILIO_ID); VALUES('IVAN','SANZ','123','2024-08-07','1'); INSERT INTO DOMICILIOS (CALLE, NUMERO, LOCALIDAD, PROVINCIA) VALUES('SIEMPRE VIVA','456','SPRINGFIELD','USA') [42001-230]
[2024-09-09 14:01:32] [ INFO ] [PacienteDAOH2:40] Iniciando las operaciones de guardado de un paciente
[2024-09-09 14:03:24] [ INFO ] [BD:29] Datos cargados con éxito
[2024-09-09 14:03:24] [ INFO ] [PacienteDAOH2:40] Iniciando las operaciones de guardado de un paciente
[2024-09-09 14:03:24] [ INFO ] [DomicilioDAOH2:30] Iniciando operaciones de guardado de un domicilio
[2024-09-09 14:03:24] [ ERROR] [DomicilioDAOH2:42] conexion fallida Error de Sintaxis en sentencia SQL "SELECT FROM [*]* DOMICILIOS WHERE ID=?"; se esperaba "identifier"
Syntax error in SQL statement "SELECT FROM [*]* DOMICILIOS WHERE ID=?"; expected "identifier"; SQL statement:
SELECT FROM * DOMICILIOS WHERE ID=? [42001-230]
[2024-09-09 14:05:08] [ INFO ] [BD:29] Datos cargados con éxito
[2024-09-09 14:05:08] [ INFO ] [PacienteDAOH2:40] Iniciando las operaciones de guardado de un paciente
[2024-09-09 14:05:08] [ INFO ] [DomicilioDAOH2:30] Iniciando operaciones de guardado de un domicilio
